<?xml version="1.0" encoding="UTF-8"?>
<testng-results skipped="0" failed="0" ignored="0" total="1" passed="1">
  <reporter-output>
  </reporter-output>
  <suite name="Suite" duration-ms="12890" started-at="2020-07-27T13:08:07Z" finished-at="2020-07-27T13:08:20Z">
    <groups>
      <group name="regression">
        <method signature="TC_002.amazon()[pri:0, instance:com.project.JuneMavenSelenium6_30PMBatch.TC_002@2d2e5f00]" name="amazon" class="com.project.JuneMavenSelenium6_30PMBatch.TC_002"/>
      </group> <!-- regression -->
      <group name="sanity">
        <method signature="TC_002.amazon()[pri:0, instance:com.project.JuneMavenSelenium6_30PMBatch.TC_002@2d2e5f00]" name="amazon" class="com.project.JuneMavenSelenium6_30PMBatch.TC_002"/>
      </group> <!-- sanity -->
    </groups>
    <test name="Test" duration-ms="12890" started-at="2020-07-27T13:08:07Z" finished-at="2020-07-27T13:08:20Z">
      <class name="com.project.JuneMavenSelenium6_30PMBatch.TC_002">
        <test-method status="PASS" signature="startProcess(java.lang.String)[pri:0, instance:com.project.JuneMavenSelenium6_30PMBatch.TC_002@2d2e5f00]" name="startProcess" is-config="true" duration-ms="8378" started-at="2020-07-27T13:08:08Z" finished-at="2020-07-27T13:08:16Z">
          <params>
            <param index="0">
              <value>
                <![CDATA[chrome]]>
              </value>
            </param>
          </params>
          <reporter-output>
          </reporter-output>
        </test-method> <!-- startProcess -->
        <test-method status="PASS" signature="amazon()[pri:0, instance:com.project.JuneMavenSelenium6_30PMBatch.TC_002@2d2e5f00]" name="amazon" duration-ms="3345" started-at="2020-07-27T13:08:16Z" finished-at="2020-07-27T13:08:19Z">
          <reporter-output>
          </reporter-output>
        </test-method> <!-- amazon -->
        <test-method status="PASS" signature="endProcess()[pri:0, instance:com.project.JuneMavenSelenium6_30PMBatch.TC_002@2d2e5f00]" name="endProcess" is-config="true" duration-ms="1124" started-at="2020-07-27T13:08:19Z" finished-at="2020-07-27T13:08:20Z">
          <reporter-output>
          </reporter-output>
        </test-method> <!-- endProcess -->
      </class> <!-- com.project.JuneMavenSelenium6_30PMBatch.TC_002 -->
    </test> <!-- Test -->
  </suite> <!-- Suite -->
</testng-results>
