<?xml version="1.0" encoding="UTF-8"?>
<testng-results skipped="0" failed="0" ignored="0" total="1" passed="1">
  <reporter-output>
  </reporter-output>
  <suite name="Suite" duration-ms="16607" started-at="2020-07-24T13:34:22Z" finished-at="2020-07-24T13:34:39Z">
    <groups>
      <group name="regression">
        <method signature="TC_002.amazon()[pri:0, instance:com.project.JuneMavenSelenium6_30PMBatch.TC_002@37e547da]" name="amazon" class="com.project.JuneMavenSelenium6_30PMBatch.TC_002"/>
      </group> <!-- regression -->
      <group name="sanity">
        <method signature="TC_002.amazon()[pri:0, instance:com.project.JuneMavenSelenium6_30PMBatch.TC_002@37e547da]" name="amazon" class="com.project.JuneMavenSelenium6_30PMBatch.TC_002"/>
      </group> <!-- sanity -->
    </groups>
    <test name="Test" duration-ms="16607" started-at="2020-07-24T13:34:22Z" finished-at="2020-07-24T13:34:39Z">
      <class name="com.project.JuneMavenSelenium6_30PMBatch.TC_002">
        <test-method status="PASS" signature="startProcess(java.lang.String)[pri:0, instance:com.project.JuneMavenSelenium6_30PMBatch.TC_002@37e547da]" name="startProcess" is-config="true" duration-ms="11285" started-at="2020-07-24T13:34:22Z" finished-at="2020-07-24T13:34:34Z">
          <params>
            <param index="0">
              <value>
                <![CDATA[chrome]]>
              </value>
            </param>
          </params>
          <reporter-output>
          </reporter-output>
        </test-method> <!-- startProcess -->
        <test-method status="PASS" signature="amazon()[pri:0, instance:com.project.JuneMavenSelenium6_30PMBatch.TC_002@37e547da]" name="amazon" duration-ms="4072" started-at="2020-07-24T13:34:34Z" finished-at="2020-07-24T13:34:38Z">
          <reporter-output>
          </reporter-output>
        </test-method> <!-- amazon -->
        <test-method status="PASS" signature="endProcess()[pri:0, instance:com.project.JuneMavenSelenium6_30PMBatch.TC_002@37e547da]" name="endProcess" is-config="true" duration-ms="1204" started-at="2020-07-24T13:34:38Z" finished-at="2020-07-24T13:34:39Z">
          <reporter-output>
          </reporter-output>
        </test-method> <!-- endProcess -->
      </class> <!-- com.project.JuneMavenSelenium6_30PMBatch.TC_002 -->
    </test> <!-- Test -->
  </suite> <!-- Suite -->
</testng-results>
